2021/05/19 03:34:52 [main] INFO  LaptopsAndNotebooksPageObjects - Clicked on 'Show All Laptops & Notebooks' menu.
2021/05/19 03:34:52 [main] INFO  LaptopsAndNotebooksPageObjects - Clicked on 'Add to Wish List' icon.
2021/05/19 03:34:52 [main] ERROR LaptopsAndNotebooksPageObjects - Success message was not displayed or is incorrect.
2021/05/19 03:34:55 [main] INFO  DesktopsTest - Initialized the driver.
2021/05/19 03:34:55 [main] INFO  LaptopsAndNotebooksPageObjects - Clicked on 'Laptops & Notebooks' tab.
2021/05/19 03:34:55 [main] INFO  LaptopsAndNotebooksPageObjects - Clicked on 'Show All Laptops & Notebooks' menu.
2021/05/19 03:34:57 [main] INFO  LaptopsAndNotebooksPageObjects - MacBook Pro was selected.
2021/05/19 03:35:12 [main] INFO  LaptopsAndNotebooksPageObjects - Price tag was dispayed.
2021/05/19 03:35:15 [main] INFO  DesktopsTest - Initialized the driver.
2021/05/19 03:35:15 [main] INFO  RetailPageObjects - Clicked on 'My Account' tab.
2021/05/19 03:35:16 [main] INFO  RetailPageObjects - Clicked on 'Login' menu.
2021/05/19 03:35:16 [main] INFO  RetailPageObjects - Entered email address.
2021/05/19 03:35:16 [main] INFO  RetailPageObjects - Password was entered.
2021/05/19 03:35:17 [main] INFO  RetailPageObjects - Clicked on 'Login' button.
2021/05/19 03:35:17 [main] INFO  RetailPageObjects - Dashboard was displayed.
2021/05/19 03:35:32 [main] ERROR RetailPageObjects - Registration link does not exist: Affliate account already exists.
2021/05/19 03:35:47 [main] ERROR RetailPageObjects -  -> Company Name skipped: Affliate account already exists.
2021/05/19 03:36:02 [main] ERROR RetailPageObjects -  -> Website skipped: Affliate account already exists.
2021/05/19 03:36:17 [main] ERROR RetailPageObjects -  -> Tax ID skipped: Affliate account already exists.
2021/05/19 03:36:47 [main] ERROR RetailPageObjects -  -> Cheque Payee Name skipped: Affliate account already exists.
2021/05/19 03:37:02 [main] ERROR RetailPageObjects -  -> Checkbox selection skipped: Affliate account already exists.
2021/05/19 03:37:17 [main] ERROR RetailPageObjects -  -> 'Continue' button skipped: Affliate account already exists.
2021/05/19 03:37:32 [main] ERROR RetailPageObjects - Success message was not displayed.
2021/05/19 03:37:35 [main] INFO  DesktopsTest - Initialized the driver.
2021/05/19 03:37:35 [main] INFO  RetailPageObjects - Clicked on 'My Account' tab.
2021/05/19 03:37:35 [main] INFO  RetailPageObjects - Clicked on 'Login' menu.
2021/05/19 03:37:35 [main] INFO  RetailPageObjects - Entered email address.
2021/05/19 03:37:35 [main] INFO  RetailPageObjects - Password was entered.
2021/05/19 03:37:36 [main] INFO  RetailPageObjects - Clicked on 'Login' button.
2021/05/19 03:37:36 [main] INFO  RetailPageObjects - Dashboard was displayed.
2021/05/19 03:37:36 [main] INFO  RetailPageObjects - Clicked on 'Edit your Affliate Information' link.
2021/05/19 03:37:37 [main] INFO  RetailPageObjects - Bank name entered.
2021/05/19 03:37:37 [main] INFO  RetailPageObjects - Branch number was entered.
2021/05/19 03:37:37 [main] INFO  RetailPageObjects - Swift code was entered.
2021/05/19 03:37:37 [main] INFO  RetailPageObjects - Account name was entered.
2021/05/19 03:37:37 [main] INFO  RetailPageObjects - Account number was entered.
2021/05/19 03:37:37 [main] INFO  RetailPageObjects - Clicked on 'Continue' button.
2021/05/19 03:37:38 [main] INFO  RetailPageObjects - Success message is displayed.
2021/05/19 03:37:40 [main] INFO  DesktopsTest - Initialized the driver.
2021/05/19 03:37:41 [main] INFO  RetailPageObjects - Clicked on 'My Account' tab.
2021/05/19 03:37:41 [main] INFO  RetailPageObjects - Clicked on 'Login' menu.
2021/05/19 03:37:41 [main] INFO  RetailPageObjects - Entered email address.
2021/05/19 03:37:41 [main] INFO  RetailPageObjects - Password was entered.
2021/05/19 03:37:42 [main] INFO  RetailPageObjects - Clicked on 'Login' button.
2021/05/19 03:37:42 [main] INFO  RetailPageObjects - Dashboard was displayed.
2021/05/19 03:37:42 [main] INFO  RetailPageObjects - Clicked on 'Edit your Account Information' link.
2021/05/19 03:37:42 [main] INFO  RetailPageObjects - Entered first name.
2021/05/19 03:37:43 [main] INFO  RetailPageObjects - Entered last name.
2021/05/19 03:37:43 [main] INFO  RetailPageObjects - Entered email address.
2021/05/19 03:37:43 [main] INFO  RetailPageObjects - Entered telephone number.
2021/05/19 03:37:43 [main] INFO  RetailPageObjects - Clicked on 'Continue' button.
2021/05/19 03:37:43 [main] INFO  RetailPageObjects - Success message was displayed.
